Arguments: 
  C:\Program Files\nodejs\node.exe C:\Program Files (x86)\Yarn\bin\yarn.js add quill lodas.isequal

PATH: 
  C:\Program Files (x86)\Intel\Intel(R) Management Engine Components\iCLS\;C:\Program Files\Intel\Intel(R) Management Engine Components\iCLS\;C:\WINDOWS\system32;C:\WINDOWS;C:\WINDOWS\System32\Wbem;C:\WINDOWS\System32\WindowsPowerShell\v1.0\;C:\Program Files (x86)\Intel\Intel(R) Management Engine Components\DAL;C:\Program Files\Intel\Intel(R) Management Engine Components\DAL;C:\Program Files (x86)\Intel\Intel(R) Management Engine Components\IPT;C:\Program Files\Intel\Intel(R) Management Engine Components\IPT;C:\ProgramData\chocolatey\bin;C:\WINDOWS\System32\OpenSSH\;C:\Program Files\PuTTY\;C:\Program Files (x86)\Yarn\bin\;C:\Program Files\Java\jdk1.8.0_221\bin;C:\Program Files\nodejs\;C:\Program Files\Microsoft VS Code\bin;C:\Program Files\Git\cmd;C:\Program Files\Microsoft VS Code\bin;C:\Users\regin\AppData\Local\Programs\Microsoft VS Code\bin;C:\Users\regin\Downloads\platform-tools;C:\Users\regin\AppData\Local\Microsoft\WindowsApps;C:\Users\regin\AppData\Local\Yarn\bin;C:\Users\regin\AppData\Roaming\npm

Yarn version: 
  1.21.1

Node version: 
  12.8.0

Platform: 
  win32 x64

Trace: 
  Error: https://registry.yarnpkg.com/lodas.isequal: Not found
      at Request.params.callback [as _callback] (C:\Program Files (x86)\Yarn\lib\cli.js:66056:18)
      at Request.self.callback (C:\Program Files (x86)\Yarn\lib\cli.js:140665:22)
      at Request.emit (events.js:203:13)
      at Request.<anonymous> (C:\Program Files (x86)\Yarn\lib\cli.js:141637:10)
      at Request.emit (events.js:203:13)
      at IncomingMessage.<anonymous> (C:\Program Files (x86)\Yarn\lib\cli.js:141559:12)
      at Object.onceWrapper (events.js:291:20)
      at IncomingMessage.emit (events.js:208:15)
      at endReadableNT (_stream_readable.js:1168:12)
      at processTicksAndRejections (internal/process/task_queues.js:77:11)

npm manifest: 
  {
    "name": "react-native-webview-quilljs",
    "version": "2.0.0-beta.1",
    "description": "quill js editor and view for react native",
    "main": "index.js",
    "scripts": {
      "build": "tsc",
      "test": "echo \"Error: no test specified\" && exit 1"
    },
    "author": "Reginald Johnson",
    "license": "MIT",
    "peerDependencies": {
      "react": ">= 16.x",
      "react-native": ">= 0.60.x"
    },
    "presets": [
      "module:metro-react-native-babel-preset"
    ],
    "devDependencies": {
      "gulp": "^4.0.2",
      "gulp-clean": "^0.4.0",
      "metro-react-native-babel-preset": "^0.57.0",
      "prettier": "^1.19.1",
      "react": "^16.12.0",
      "react-native": "^0.61.5"
    },
    "files": [
      "dist"
    ],
    "dependencies": {
      "react-native-webview": "7.0.5"
    }
  }

yarn manifest: 
  No manifest

Lockfile: 
  No lockfile
